The system is: Windows - 10.0.19042 - AMD64
Compiling the C compiler identification source file "CMakeCCompilerId.c" succeeded.
Compiler: F:/Visual Studio/IDE/VC/Tools/MSVC/14.31.31103/bin/Hostx64/x64/cl.exe 
Build flags: 
Id flags:  

The output was:
0
用于 x64 的 Microsoft (R) C/C++ 优化编译器 19.31.31105 版
版权所有(C) Microsoft Corporation。保留所有权利。

CMakeCCompilerId.c
Microsoft (R) Incremental Linker Version 14.31.31105.0
Copyright (C) Microsoft Corporation.  All rights reserved.

/out:CMakeCCompilerId.exe 
CMakeCCompilerId.obj 


Compilation of the C compiler identification source "CMakeCCompilerId.c" produced "CMakeCCompilerId.exe"

Compilation of the C compiler identification source "CMakeCCompilerId.c" produced "CMakeCCompilerId.obj"

The C compiler identification is MSVC, found in "D:/CodeGitProject/VisualCmakeProject/CMakeProject2/CMakeProject1/out/build/x64-debug/CMakeFiles/3.22.22022201-MSVC_2/CompilerIdC/CMakeCCompilerId.exe"

Compiling the CXX compiler identification source file "CMakeCXXCompilerId.cpp" succeeded.
Compiler: F:/Visual Studio/IDE/VC/Tools/MSVC/14.31.31103/bin/Hostx64/x64/cl.exe 
Build flags: 
Id flags:  

The output was:
0
用于 x64 的 Microsoft (R) C/C++ 优化编译器 19.31.31105 版
版权所有(C) Microsoft Corporation。保留所有权利。

CMakeCXXCompilerId.cpp
Microsoft (R) Incremental Linker Version 14.31.31105.0
Copyright (C) Microsoft Corporation.  All rights reserved.

/out:CMakeCXXCompilerId.exe 
CMakeCXXCompilerId.obj 


Compilation of the CXX compiler identification source "CMakeCXXCompilerId.cpp" produced "CMakeCXXCompilerId.exe"

Compilation of the CXX compiler identification source "CMakeCXXCompilerId.cpp" produced "CMakeCXXCompilerId.obj"

The CXX compiler identification is MSVC, found in "D:/CodeGitProject/VisualCmakeProject/CMakeProject2/CMakeProject1/out/build/x64-debug/CMakeFiles/3.22.22022201-MSVC_2/CompilerIdCXX/CMakeCXXCompilerId.exe"

Detecting C compiler ABI info compiled with the following output:
Change Dir: D:/CodeGitProject/VisualCmakeProject/CMakeProject2/CMakeProject1/out/build/x64-debug/CMakeFiles/CMakeTmp

Run Build Command(s):F:/Visual Studio/IDE/Common7/IDE/CommonExtensions/Microsoft/CMake/Ninja/ninja.exe cmTC_5192a && [1/2] Building C object CMakeFiles\cmTC_5192a.dir\CMakeCCompilerABI.c.obj
[2/2] Linking C executable cmTC_5192a.exe



Detecting CXX compiler ABI info compiled with the following output:
Change Dir: D:/CodeGitProject/VisualCmakeProject/CMakeProject2/CMakeProject1/out/build/x64-debug/CMakeFiles/CMakeTmp

Run Build Command(s):F:/Visual Studio/IDE/Common7/IDE/CommonExtensions/Microsoft/CMake/Ninja/ninja.exe cmTC_35338 && [1/2] Building CXX object CMakeFiles\cmTC_35338.dir\CMakeCXXCompilerABI.cpp.obj
[2/2] Linking CXX executable cmTC_35338.exe



